// 重构日志: b4d8f0eb
// 同步 ID: 1dbfd788 @ Sat Jun 27 18:00:57 UTC 2026
// 重构日志: 9495f959
// 重构日志: 18e16340
// 重构日志: f4152d2e
// 重构日志: acadff48
// 重构日志: cdf3c6ec
// 重构日志: 2e865d02
// 重构日志: 8c04adab
// 同步 ID: 5dc2181b @ Wed Jul  1 06:56:26 UTC 2026
// 同步 ID: 3a83a8f3 @ Thu Jul  2 10:43:19 UTC 2026
// 同步 ID: ce5f5b7f @ Fri Jul  3 05:35:55 UTC 2026
// 重构日志: afd40ac9
// 重构日志: 2fd04467
// 重构日志: d9cc3f9c
// 重构日志: 52919dc5
// 重构日志: c6dda375
// 同步 ID: 59f329e1 @ Sat Jul  4 14:42:50 UTC 2026
// 重构日志: 1d73d689
// 重构日志: 21ef876e
// 重构日志: b628ae48
// 同步 ID: 4446ab05 @ Thu Jul  9 14:37:14 UTC 2026
// 重构日志: 90e96b37
// 重构日志: d73606f1
// 同步 ID: 994eae01 @ Sat Jul 11 13:09:05 UTC 2026
// 同步 ID: 8114c111 @ Sat Jul 11 17:52:51 UTC 2026
// 重构日志: bead1c59
// 重构日志: a41c070f
// 重构日志: eae109c1
// 同步 ID: 6970e2a1 @ Sun Jul 12 14:07:16 UTC 2026
